{"level":"info","message":"Database is connected Successfully"}
{"level":"info","message":"Application is listening on port 4000"}
2023-06-03T03:01:03.539Z [right meow!] info: Database is connected Successfully
2023-06-03T03:01:03.561Z [right meow!] info: Application is listening on port 4000
2023-06-03T03:07:04.713Z [right meow!] info: Database is connected Successfully
2023-06-03T03:07:04.730Z [right meow!] info: Application is listening on port 4000
Sat Jun 03 2023 09:07:37 GMT+0600 (Bangladesh Standard Time) [right meow!] info: Database is connected Successfully
Sat Jun 03 2023 09:07:37 GMT+0600 (Bangladesh Standard Time) [right meow!] info: Application is listening on port 4000
Sat Jun 03 2023 9: 8: 16 [right meow!] info: Database is connected Successfully
Sat Jun 03 2023 9: 8: 16 [right meow!] info: Application is listening on port 4000
Sat Jun 03 2023 9: 11: 37 [right meow!] info: Database is connected Successfully
Sat Jun 03 2023 9: 11: 37 [right meow!] info: Application is listening on port 4000
Sat Jun 03 2023 9: 12: 27 [UN Manage] info: Database is connected Successfully
Sat Jun 03 2023 9: 12: 27 [UN Manage] info: Application is listening on port 4000
{
  message: 'Database is connected Successfully',
  level: 'info',
  label: 'UN Manage',
  timestamp: '2023-06-03T03:14:00.204Z'
}
{
  message: 'Application is listening on port 4000',
  level: 'info',
  label: 'UN Manage',
  timestamp: '2023-06-03T03:14:00.226Z'
}
